<?xml version="1.0" encoding="UTF-8"?>
<!-- Generated by org.testng.reporters.JUnitXMLReporter -->
<testsuite ignored="1" hostname="AEADLT15708" failures="0" tests="5" name="TestOne" time="0.046" errors="0" timestamp="2024-09-18T15:34:59 GST">
  <testcase classname="Test.Day1" name="demo" time="0.007"/>
  <testcase classname="Test.Day1" name="demo" time="0.001"/>
  <testcase classname="Test.Day1" name="demo" time="0.001"/>
  <testcase classname="Test.Day1" name="demo1" time="0.001"/>
  <testcase classname="Test.Day2" name="demo3" time="0.007"/>
  <testcase classname="Test.Day2" name="demo4" time="0.0">
    <ignored/>
  </testcase> <!-- demo4 -->
</testsuite> <!-- TestOne -->
