<?xml version="1.0" encoding="UTF-8"?>
<!-- Generated by org.testng.reporters.JUnitXMLReporter -->
<testsuite ignored="0" hostname="AEADLT15708" failures="0" tests="4" name="TestTwo" time="0.011" errors="0" timestamp="2024-09-18T15:34:59 GST">
  <testcase classname="Test.Day3" name="demo5" time="0.002"/>
  <testcase classname="Test.Day3" name="demo6" time="0.001"/>
  <testcase classname="Test.Day4" name="demo7" time="0.0"/>
  <testcase classname="Test.Day4" name="demo8" time="0.001"/>
</testsuite> <!-- TestTwo -->
