<?xml version="1.0" encoding="UTF-8"?>
<!-- Generated by org.testng.reporters.JUnitXMLReporter -->
<testsuite ignored="0" hostname="AEADLT15708" failures="0" tests="4" name="Test" time="0.049" errors="0" timestamp="2024-09-09T14:18:55 GST">
  <testcase classname="Test.Day1" name="demo" time="0.01"/>
  <testcase classname="Test.Day1" name="demo1" time="0.001"/>
  <testcase classname="Test.Day2" name="demo3" time="0.001"/>
  <testcase classname="Test.Day2" name="demo4" time="0.001"/>
</testsuite> <!-- Test -->
