<?xml version="1.0" encoding="UTF-8"?>
<testng-results ignored="0" total="1" passed="1" failed="0" skipped="0">
  <reporter-output>
  </reporter-output>
  <suite started-at="2024-09-20T12:32:13 GST" name="Default suite" finished-at="2024-09-20T12:32:23 GST" duration-ms="10067">
    <groups>
    </groups>
    <test started-at="2024-09-20T12:32:13 GST" name="Default test" finished-at="2024-09-20T12:32:23 GST" duration-ms="10067">
      <class name="Test.ExtentReportsDemo">
        <test-method is-config="true" signature="config()[pri:0, instance:Test.ExtentReportsDemo@1af2d44a]" started-at="2024-09-20T12:32:13 GST" name="config" finished-at="2024-09-20T12:32:14 GST" duration-ms="408" status="PASS">
          <reporter-output>
          </reporter-output>
        </test-method> <!-- config -->
        <test-method signature="baseTest()[pri:0, instance:Test.ExtentReportsDemo@1af2d44a]" started-at="2024-09-20T12:32:14 GST" name="baseTest" finished-at="2024-09-20T12:32:23 GST" duration-ms="9611" status="PASS">
          <reporter-output>
          </reporter-output>
        </test-method> <!-- baseTest -->
      </class> <!-- Test.ExtentReportsDemo -->
    </test> <!-- Default test -->
  </suite> <!-- Default suite -->
</testng-results>
