<?xml version="1.0" encoding="UTF-8"?>
<testng-results ignored="0" total="2" passed="2" failed="0" skipped="0">
  <reporter-output>
  </reporter-output>
  <suite started-at="2024-09-23T09:39:11 GST" name="Suite" finished-at="2024-09-23T09:39:54 GST" duration-ms="42982">
    <groups>
      <group name="Purchase">
        <method signature="StandAloneTest.StandAloneTest(java.util.HashMap)[pri:0, instance:DivyaJain.SeleniumFrameworkDesign.tests.StandAloneTest@795f5d51]" name="StandAloneTest" class="DivyaJain.SeleniumFrameworkDesign.tests.StandAloneTest"/>
      </group> <!-- Purchase -->
      <group name="LoginValidationError">
        <method signature="ErrorValidations.StandAloneTest()[pri:0, instance:DivyaJain.SeleniumFrameworkDesign.tests.ErrorValidations@6949e948]" name="StandAloneTest" class="DivyaJain.SeleniumFrameworkDesign.tests.ErrorValidations"/>
      </group> <!-- LoginValidationError -->
    </groups>
    <test started-at="2024-09-23T09:39:11 GST" name="Error Validations Tests" finished-at="2024-09-23T09:39:54 GST" duration-ms="42982">
      <class name="DivyaJain.SeleniumFrameworkDesign.tests.ErrorValidations">
        <test-method is-config="true" signature="launchApplication()[pri:0, instance:DivyaJain.SeleniumFrameworkDesign.tests.ErrorValidations@6949e948]" started-at="2024-09-23T09:39:11 GST" name="launchApplication" finished-at="2024-09-23T09:39:27 GST" duration-ms="15452" status="PASS">
          <reporter-output>
          </reporter-output>
        </test-method> <!-- launchApplication -->
        <test-method signature="ProductErrorValidation()[pri:0, instance:DivyaJain.SeleniumFrameworkDesign.tests.ErrorValidations@6949e948]" started-at="2024-09-23T09:39:27 GST" name="ProductErrorValidation" finished-at="2024-09-23T09:39:42 GST" duration-ms="15389" status="PASS">
          <reporter-output>
          </reporter-output>
        </test-method> <!-- ProductErrorValidation -->
        <test-method is-config="true" signature="closeBrowser()[pri:0, instance:DivyaJain.SeleniumFrameworkDesign.tests.ErrorValidations@6949e948]" started-at="2024-09-23T09:39:42 GST" name="closeBrowser" finished-at="2024-09-23T09:39:43 GST" duration-ms="486" status="PASS">
          <reporter-output>
          </reporter-output>
        </test-method> <!-- closeBrowser -->
        <test-method is-config="true" signature="launchApplication()[pri:0, instance:DivyaJain.SeleniumFrameworkDesign.tests.ErrorValidations@6949e948]" started-at="2024-09-23T09:39:43 GST" name="launchApplication" finished-at="2024-09-23T09:39:52 GST" duration-ms="8921" status="PASS">
          <reporter-output>
          </reporter-output>
        </test-method> <!-- launchApplication -->
        <test-method signature="StandAloneTest()[pri:0, instance:DivyaJain.SeleniumFrameworkDesign.tests.ErrorValidations@6949e948]" started-at="2024-09-23T09:39:52 GST" name="StandAloneTest" finished-at="2024-09-23T09:39:52 GST" duration-ms="890" status="PASS">
          <reporter-output>
          </reporter-output>
        </test-method> <!-- StandAloneTest -->
        <test-method is-config="true" signature="closeBrowser()[pri:0, instance:DivyaJain.SeleniumFrameworkDesign.tests.ErrorValidations@6949e948]" started-at="2024-09-23T09:39:52 GST" name="closeBrowser" finished-at="2024-09-23T09:39:54 GST" duration-ms="1757" status="PASS">
          <reporter-output>
          </reporter-output>
        </test-method> <!-- closeBrowser -->
      </class> <!-- DivyaJain.SeleniumFrameworkDesign.tests.ErrorValidations -->
    </test> <!-- Error Validations Tests -->
  </suite> <!-- Suite -->
</testng-results>
