<?xml version="1.0" encoding="UTF-8"?>
<!-- Generated by org.testng.reporters.JUnitXMLReporter -->
<testsuite ignored="0" hostname="AEADLT15708" failures="0" tests="2" name="Stand Alone Test" time="65.166" errors="0" timestamp="2024-09-23T09:40:16 GST">
  <testcase classname="DivyaJain.SeleniumFrameworkDesign.tests.StandAloneTest" name="StandAloneTest" time="19.382"/>
  <testcase classname="DivyaJain.SeleniumFrameworkDesign.tests.StandAloneTest" name="StandAloneTest" time="21.715"/>
</testsuite> <!-- Stand Alone Test -->
