<?xml version="1.0" encoding="UTF-8"?>
<testng-results ignored="0" total="3" passed="2" failed="1" skipped="0">
  <reporter-output>
  </reporter-output>
  <suite started-at="2024-09-23T15:21:09 GST" name="Surefire suite" finished-at="2024-09-23T15:22:01 GST" duration-ms="52331">
    <groups>
      <group name="Purchase">
        <method signature="StandAloneTest.StandAloneTest(java.util.HashMap)[pri:0, instance:DivyaJain.SeleniumFrameworkDesign.tests.StandAloneTest@3c419631]" name="StandAloneTest" class="DivyaJain.SeleniumFrameworkDesign.tests.StandAloneTest"/>
      </group> <!-- Purchase -->
    </groups>
    <test started-at="2024-09-23T15:21:09 GST" name="Surefire test" finished-at="2024-09-23T15:22:01 GST" duration-ms="52331">
      <class name="DivyaJain.SeleniumFrameworkDesign.tests.StandAloneTest">
        <test-method is-config="true" signature="launchApplication()[pri:0, instance:DivyaJain.SeleniumFrameworkDesign.tests.StandAloneTest@3c419631]" started-at="2024-09-23T15:21:09 GST" name="launchApplication" finished-at="2024-09-23T15:21:16 GST" duration-ms="6856" status="PASS">
          <reporter-output>
          </reporter-output>
        </test-method> <!-- launchApplication -->
        <test-method signature="StandAloneTest(java.util.HashMap)[pri:0, instance:DivyaJain.SeleniumFrameworkDesign.tests.StandAloneTest@3c419631]" started-at="2024-09-23T15:21:16 GST" name="StandAloneTest" data-provider="getData" finished-at="2024-09-23T15:21:35 GST" duration-ms="18913" status="PASS">
          <params>
            <param index="0">
              <value>
                <![CDATA[{Username=divya1707@gmail.com, item=ZARA COAT 3, Password=Anaisha@123}]]>
              </value>
            </param>
          </params>
          <reporter-output>
          </reporter-output>
        </test-method> <!-- StandAloneTest -->
        <test-method is-config="true" signature="closeBrowser()[pri:0, instance:DivyaJain.SeleniumFrameworkDesign.tests.StandAloneTest@3c419631]" started-at="2024-09-23T15:21:35 GST" name="closeBrowser" finished-at="2024-09-23T15:21:36 GST" duration-ms="677" status="PASS">
          <reporter-output>
          </reporter-output>
        </test-method> <!-- closeBrowser -->
        <test-method is-config="true" signature="launchApplication()[pri:0, instance:DivyaJain.SeleniumFrameworkDesign.tests.StandAloneTest@3c419631]" started-at="2024-09-23T15:21:36 GST" name="launchApplication" finished-at="2024-09-23T15:21:43 GST" duration-ms="6989" status="PASS">
          <reporter-output>
          </reporter-output>
        </test-method> <!-- launchApplication -->
        <test-method signature="StandAloneTest(java.util.HashMap)[pri:0, instance:DivyaJain.SeleniumFrameworkDesign.tests.StandAloneTest@3c419631]" started-at="2024-09-23T15:21:43 GST" name="StandAloneTest" data-provider="getData" finished-at="2024-09-23T15:22:01 GST" duration-ms="18269" status="PASS">
          <params>
            <param index="0">
              <value>
                <![CDATA[{Username=anaisha123@gmail.com, item=ZARA COAT 3, Password=Anaisha@123}]]>
              </value>
            </param>
          </params>
          <reporter-output>
          </reporter-output>
        </test-method> <!-- StandAloneTest -->
        <test-method is-config="true" signature="closeBrowser()[pri:0, instance:DivyaJain.SeleniumFrameworkDesign.tests.StandAloneTest@3c419631]" started-at="2024-09-23T15:22:01 GST" name="closeBrowser" finished-at="2024-09-23T15:22:01 GST" duration-ms="421" status="PASS">
          <reporter-output>
          </reporter-output>
        </test-method> <!-- closeBrowser -->
        <test-method signature="orderpage(java.lang.String)[pri:0, instance:DivyaJain.SeleniumFrameworkDesign.tests.StandAloneTest@3c419631]" started-at="2024-09-23T15:22:01 GST" name="orderpage" data-provider="getData" finished-at="2024-09-23T15:22:01 GST" depends-on-methods="DivyaJain.SeleniumFrameworkDesign.tests.StandAloneTest.StandAloneTest" duration-ms="2" status="FAIL">
          <exception class="org.testng.internal.reflect.MethodMatcherException">
            <message>
              <![CDATA[
[public void DivyaJain.SeleniumFrameworkDesign.tests.StandAloneTest.orderpage(java.lang.String)] has no parameters defined but was found to be using a data provider (either explicitly specified or inherited from class level annotation).
Data provider mismatch
Method: orderpage([java.lang.String arg0])
Arguments: [(java.util.HashMap) {item=ZARA COAT 3, Username=divya1707@gmail.com, Password=Anaisha@123}]]]>
            </message>
            <full-stacktrace>
              <![CDATA[org.testng.internal.reflect.MethodMatcherException: 
[public void DivyaJain.SeleniumFrameworkDesign.tests.StandAloneTest.orderpage(java.lang.String)] has no parameters defined but was found to be using a data provider (either explicitly specified or inherited from class level annotation).
Data provider mismatch
Method: orderpage([java.lang.String arg0])
Arguments: [(java.util.HashMap) {item=ZARA COAT 3, Username=divya1707@gmail.com, Password=Anaisha@123}]
at org.testng.internal.reflect.DataProviderMethodMatcher.getConformingArguments(DataProviderMethodMatcher.java:46)
at org.testng.internal.Parameters.injectParameters(Parameters.java:915)
at org.testng.internal.invokers.MethodRunner.runInSequence(MethodRunner.java:50)
at org.testng.internal.invokers.TestInvoker$MethodInvocationAgent.invoke(TestInvoker.java:992)
at org.testng.internal.invokers.TestInvoker.invokeTestMethods(TestInvoker.java:203)
at org.testng.internal.invokers.TestMethodWorker.invokeTestMethods(TestMethodWorker.java:154)
at org.testng.internal.invokers.TestMethodWorker.run(TestMethodWorker.java:134)
at java.base/java.util.ArrayList.forEach(ArrayList.java:1597)
at org.testng.TestRunner.privateRun(TestRunner.java:739)
at org.testng.TestRunner.run(TestRunner.java:614)
at org.testng.SuiteRunner.runTest(SuiteRunner.java:421)
at org.testng.SuiteRunner.runSequentially(SuiteRunner.java:413)
at org.testng.SuiteRunner.privateRun(SuiteRunner.java:373)
at org.testng.SuiteRunner.run(SuiteRunner.java:312)
at org.testng.SuiteRunnerWorker.runSuite(SuiteRunnerWorker.java:52)
at org.testng.SuiteRunnerWorker.run(SuiteRunnerWorker.java:95)
at org.testng.TestNG.runSuitesSequentially(TestNG.java:1274)
at org.testng.TestNG.runSuitesLocally(TestNG.java:1208)
at org.testng.TestNG.runSuites(TestNG.java:1112)
at org.testng.TestNG.run(TestNG.java:1079)
at org.apache.maven.surefire.testng.TestNGExecutor.run(TestNGExecutor.java:155)
at org.apache.maven.surefire.testng.TestNGDirectoryTestSuite.executeMulti(TestNGDirectoryTestSuite.java:169)
at org.apache.maven.surefire.testng.TestNGDirectoryTestSuite.execute(TestNGDirectoryTestSuite.java:88)
at org.apache.maven.surefire.testng.TestNGProvider.invoke(TestNGProvider.java:137)
at org.apache.maven.surefire.booter.ForkedBooter.runSuitesInProcess(ForkedBooter.java:385)
at org.apache.maven.surefire.booter.ForkedBooter.execute(ForkedBooter.java:162)
at org.apache.maven.surefire.booter.ForkedBooter.run(ForkedBooter.java:507)
at org.apache.maven.surefire.booter.ForkedBooter.main(ForkedBooter.java:495)
]]>
            </full-stacktrace>
          </exception> <!-- org.testng.internal.reflect.MethodMatcherException -->
          <reporter-output>
          </reporter-output>
        </test-method> <!-- orderpage -->
      </class> <!-- DivyaJain.SeleniumFrameworkDesign.tests.StandAloneTest -->
    </test> <!-- Surefire test -->
  </suite> <!-- Surefire suite -->
</testng-results>
