<?xml version="1.0" encoding="UTF-8"?>
<!-- Generated by org.testng.reporters.JUnitXMLReporter -->
<testsuite ignored="0" hostname="AEADLT15708" failures="0" tests="2" name="Error Validations Tests" time="42.234" errors="0" timestamp="2024-09-23T15:16:24 GST">
  <testcase classname="DivyaJain.SeleniumFrameworkDesign.tests.ErrorValidations" name="ProductErrorValidation" time="14.663"/>
  <testcase classname="DivyaJain.SeleniumFrameworkDesign.tests.ErrorValidations" name="StandAloneTest" time="1.606"/>
</testsuite> <!-- Error Validations Tests -->
