<?xml version="1.0" encoding="UTF-8"?>
<!-- Generated by org.testng.reporters.JUnitXMLReporter -->
<testsuite ignored="0" hostname="AEADLT15708" failures="0" tests="2" name="Stand Alone Test" time="63.302" errors="0" timestamp="2024-09-23T15:16:45 GST">
  <testcase classname="DivyaJain.SeleniumFrameworkDesign.tests.StandAloneTest" name="StandAloneTest" time="18.608"/>
  <testcase classname="DivyaJain.SeleniumFrameworkDesign.tests.StandAloneTest" name="StandAloneTest" time="19.377"/>
</testsuite> <!-- Stand Alone Test -->
